<?xml version="1.0" encoding="UTF-8"?>
<!-- Generated by org.testng.reporters.JUnitReportReporter -->
<testsuite skipped="0" hostname="ATMECSINLT-283" name="com.phptravels.testscript.TestEffectiveDate" tests="1" failures="0" timestamp="2019-11-28T17:00:40 IST" time="1.651" errors="0">
  <testcase name="getDate" time="1.651" classname="com.phptravels.testscript.TestEffectiveDate"/>
</testsuite> <!-- com.phptravels.testscript.TestEffectiveDate -->
